<?xml version="1.0" encoding="UTF-8"?>
<!-- Generated by org.testng.reporters.JUnitXMLReporter -->
<testsuite hostname="DESKTOP-0M28FOR" ignored="0" name="Default test" tests="15" failures="0" timestamp="19 Apr 2020 18:09:54 GMT" time="11.488" errors="0">
  <testcase name="test1" time="0.937" classname="test.SampleTest"/>
  <testcase name="test1" time="0.587" classname="test.SampleTest"/>
  <testcase name="test1" time="0.581" classname="test.SampleTest"/>
  <testcase name="test1" time="0.568" classname="test.SampleTest"/>
  <testcase name="test1" time="0.588" classname="test.SampleTest"/>
  <testcase name="test2" time="0.555" classname="test.SampleTest"/>
  <testcase name="test2" time="0.628" classname="test.SampleTest"/>
  <testcase name="test2" time="0.704" classname="test.SampleTest"/>
  <testcase name="test2" time="0.592" classname="test.SampleTest"/>
  <testcase name="test2" time="0.557" classname="test.SampleTest"/>
  <testcase name="test3" time="0.545" classname="test.SampleTest"/>
  <testcase name="test3" time="0.557" classname="test.SampleTest"/>
  <testcase name="test3" time="0.56" classname="test.SampleTest"/>
  <testcase name="test3" time="0.549" classname="test.SampleTest"/>
  <testcase name="test3" time="0.538" classname="test.SampleTest"/>
</testsuite> <!-- Default test -->
