<?xml version="1.0" encoding="UTF-8"?>
<testng-results skipped="0" failed="0" ignored="0" total="15" passed="15">
  <reporter-output>
  </reporter-output>
  <suite name="Default suite" duration-ms="11488" started-at="2020-04-19T18:09:42Z" finished-at="2020-04-19T18:09:54Z">
    <groups>
    </groups>
    <test name="Default test" duration-ms="11488" started-at="2020-04-19T18:09:42Z" finished-at="2020-04-19T18:09:54Z">
      <class name="test.SampleTest">
        <test-method status="PASS" signature="setup()[pri:0, instance:test.SampleTest@341b80b2]" name="setup" is-config="true" duration-ms="163" started-at="2020-04-19T23:39:42Z" finished-at="2020-04-19T23:39:42Z">
          <reporter-output>
          </reporter-output>
        </test-method> <!-- setup -->
        <test-method status="PASS" signature="test1()[pri:0, instance:test.SampleTest@341b80b2]" name="test1" duration-ms="937" started-at="2020-04-19T23:39:42Z" finished-at="2020-04-19T23:39:43Z">
          <reporter-output>
          </reporter-output>
        </test-method> <!-- test1 -->
        <test-method status="PASS" signature="test1()[pri:0, instance:test.SampleTest@341b80b2]" name="test1" duration-ms="587" started-at="2020-04-19T23:39:43Z" finished-at="2020-04-19T23:39:44Z">
          <reporter-output>
          </reporter-output>
        </test-method> <!-- test1 -->
        <test-method status="PASS" signature="test1()[pri:0, instance:test.SampleTest@341b80b2]" name="test1" duration-ms="581" started-at="2020-04-19T23:39:44Z" finished-at="2020-04-19T23:39:44Z">
          <reporter-output>
          </reporter-output>
        </test-method> <!-- test1 -->
        <test-method status="PASS" signature="test1()[pri:0, instance:test.SampleTest@341b80b2]" name="test1" duration-ms="568" started-at="2020-04-19T23:39:44Z" finished-at="2020-04-19T23:39:45Z">
          <reporter-output>
          </reporter-output>
        </test-method> <!-- test1 -->
        <test-method status="PASS" signature="test1()[pri:0, instance:test.SampleTest@341b80b2]" name="test1" duration-ms="588" started-at="2020-04-19T23:39:45Z" finished-at="2020-04-19T23:39:46Z">
          <reporter-output>
          </reporter-output>
        </test-method> <!-- test1 -->
        <test-method status="PASS" signature="test2()[pri:0, instance:test.SampleTest@341b80b2]" name="test2" duration-ms="555" started-at="2020-04-19T23:39:46Z" finished-at="2020-04-19T23:39:46Z">
          <reporter-output>
          </reporter-output>
        </test-method> <!-- test2 -->
        <test-method status="PASS" signature="test2()[pri:0, instance:test.SampleTest@341b80b2]" name="test2" duration-ms="628" started-at="2020-04-19T23:39:46Z" finished-at="2020-04-19T23:39:47Z">
          <reporter-output>
          </reporter-output>
        </test-method> <!-- test2 -->
        <test-method status="PASS" signature="test2()[pri:0, instance:test.SampleTest@341b80b2]" name="test2" duration-ms="704" started-at="2020-04-19T23:39:47Z" finished-at="2020-04-19T23:39:47Z">
          <reporter-output>
          </reporter-output>
        </test-method> <!-- test2 -->
        <test-method status="PASS" signature="test2()[pri:0, instance:test.SampleTest@341b80b2]" name="test2" duration-ms="592" started-at="2020-04-19T23:39:48Z" finished-at="2020-04-19T23:39:48Z">
          <reporter-output>
          </reporter-output>
        </test-method> <!-- test2 -->
        <test-method status="PASS" signature="test2()[pri:0, instance:test.SampleTest@341b80b2]" name="test2" duration-ms="557" started-at="2020-04-19T23:39:48Z" finished-at="2020-04-19T23:39:49Z">
          <reporter-output>
          </reporter-output>
        </test-method> <!-- test2 -->
        <test-method status="PASS" signature="test3()[pri:0, instance:test.SampleTest@341b80b2]" name="test3" duration-ms="545" started-at="2020-04-19T23:39:49Z" finished-at="2020-04-19T23:39:49Z">
          <reporter-output>
          </reporter-output>
        </test-method> <!-- test3 -->
        <test-method status="PASS" signature="test3()[pri:0, instance:test.SampleTest@341b80b2]" name="test3" duration-ms="557" started-at="2020-04-19T23:39:49Z" finished-at="2020-04-19T23:39:50Z">
          <reporter-output>
          </reporter-output>
        </test-method> <!-- test3 -->
        <test-method status="PASS" signature="test3()[pri:0, instance:test.SampleTest@341b80b2]" name="test3" duration-ms="560" started-at="2020-04-19T23:39:50Z" finished-at="2020-04-19T23:39:50Z">
          <reporter-output>
          </reporter-output>
        </test-method> <!-- test3 -->
        <test-method status="PASS" signature="test3()[pri:0, instance:test.SampleTest@341b80b2]" name="test3" duration-ms="549" started-at="2020-04-19T23:39:50Z" finished-at="2020-04-19T23:39:51Z">
          <reporter-output>
          </reporter-output>
        </test-method> <!-- test3 -->
        <test-method status="PASS" signature="test3()[pri:0, instance:test.SampleTest@341b80b2]" name="test3" duration-ms="538" started-at="2020-04-19T23:39:51Z" finished-at="2020-04-19T23:39:51Z">
          <reporter-output>
          </reporter-output>
        </test-method> <!-- test3 -->
        <test-method status="PASS" signature="teardown()[pri:0, instance:test.SampleTest@341b80b2]" name="teardown" is-config="true" duration-ms="2141" started-at="2020-04-19T23:39:51Z" finished-at="2020-04-19T23:39:54Z">
          <reporter-output>
          </reporter-output>
        </test-method> <!-- teardown -->
      </class> <!-- test.SampleTest -->
    </test> <!-- Default test -->
  </suite> <!-- Default suite -->
</testng-results>
